{"/home/jorge/Estudos/Udemy/otaviots/src/S.O.L.I.D/Jest/src/classes/Customer.ts": {"path":"/home/jorge/Estudos/Udemy/otaviots/src/S.O.L.I.D/Jest/src/classes/Customer.ts","statementMap":{"0":{"start":{"line":13,"column":11},"end":{"line":13,"column":28}},"1":{"start":{"line":14,"column":11},"end":{"line":14,"column":26}},"2":{"start":{"line":15,"column":11},"end":{"line":15,"column":22}},"3":{"start":{"line":17,"column":4},"end":{"line":17,"column":31}},"4":{"start":{"line":18,"column":4},"end":{"line":18,"column":27}},"5":{"start":{"line":19,"column":4},"end":{"line":19,"column":19}},"6":{"start":{"line":22,"column":4},"end":{"line":22,"column":47}},"7":{"start":{"line":25,"column":4},"end":{"line":25,"column":20}},"8":{"start":{"line":9,"column":0},"end":{"line":9,"column":13}},"9":{"start":{"line":33,"column":11},"end":{"line":33,"column":30}},"10":{"start":{"line":34,"column":11},"end":{"line":34,"column":30}},"11":{"start":{"line":35,"column":11},"end":{"line":35,"column":23}},"12":{"start":{"line":37,"column":4},"end":{"line":37,"column":35}},"13":{"start":{"line":38,"column":4},"end":{"line":38,"column":35}},"14":{"start":{"line":39,"column":4},"end":{"line":39,"column":21}},"15":{"start":{"line":42,"column":4},"end":{"line":42,"column":28}},"16":{"start":{"line":45,"column":4},"end":{"line":45,"column":21}},"17":{"start":{"line":29,"column":0},"end":{"line":29,"column":13}}},"fnMap":{"0":{"name":"(anonymous_0)","decl":{"start":{"line":12,"column":2},"end":{"line":12,"column":null}},"loc":{"start":{"line":15,"column":22},"end":{"line":20,"column":3}}},"1":{"name":"(anonymous_1)","decl":{"start":{"line":21,"column":2},"end":{"line":21,"column":9}},"loc":{"start":{"line":21,"column":9},"end":{"line":23,"column":3}}},"2":{"name":"(anonymous_2)","decl":{"start":{"line":24,"column":2},"end":{"line":24,"column":8}},"loc":{"start":{"line":24,"column":8},"end":{"line":26,"column":3}}},"3":{"name":"(anonymous_3)","decl":{"start":{"line":32,"column":2},"end":{"line":32,"column":null}},"loc":{"start":{"line":35,"column":23},"end":{"line":40,"column":3}}},"4":{"name":"(anonymous_4)","decl":{"start":{"line":41,"column":2},"end":{"line":41,"column":9}},"loc":{"start":{"line":41,"column":9},"end":{"line":43,"column":3}}},"5":{"name":"(anonymous_5)","decl":{"start":{"line":44,"column":2},"end":{"line":44,"column":8}},"loc":{"start":{"line":44,"column":8},"end":{"line":46,"column":3}}}},"branchMap":{},"s":{"0":2,"1":2,"2":2,"3":2,"4":2,"5":2,"6":1,"7":1,"8":1,"9":2,"10":2,"11":2,"12":2,"13":2,"14":2,"15":1,"16":1,"17":1},"f":{"0":2,"1":1,"2":1,"3":2,"4":1,"5":1},"b":{}}
,"/home/jorge/Estudos/Udemy/otaviots/src/S.O.L.I.D/Jest/src/classes/Discount.ts": {"path":"/home/jorge/Estudos/Udemy/otaviots/src/S.O.L.I.D/Jest/src/classes/Discount.ts","statementMap":{"0":{"start":{"line":5,"column":12},"end":{"line":5,"column":25}},"1":{"start":{"line":8,"column":4},"end":{"line":8,"column":41}},"2":{"start":{"line":4,"column":0},"end":{"line":4,"column":22}},"3":{"start":{"line":13,"column":21},"end":{"line":13,"column":36}},"4":{"start":{"line":12,"column":0},"end":{"line":12,"column":13}},"5":{"start":{"line":17,"column":21},"end":{"line":17,"column":36}},"6":{"start":{"line":16,"column":0},"end":{"line":16,"column":13}},"7":{"start":{"line":26,"column":4},"end":{"line":26,"column":17}},"8":{"start":{"line":21,"column":0},"end":{"line":21,"column":13}}},"fnMap":{"0":{"name":"(anonymous_0)","decl":{"start":{"line":4,"column":0},"end":{"line":4,"column":22}},"loc":{"start":{"line":4,"column":0},"end":{"line":10,"column":1}}},"1":{"name":"(anonymous_1)","decl":{"start":{"line":7,"column":2},"end":{"line":7,"column":11}},"loc":{"start":{"line":7,"column":25},"end":{"line":9,"column":3}}},"2":{"name":"(anonymous_2)","decl":{"start":{"line":12,"column":0},"end":{"line":12,"column":13}},"loc":{"start":{"line":12,"column":0},"end":{"line":14,"column":1}}},"3":{"name":"(anonymous_3)","decl":{"start":{"line":16,"column":0},"end":{"line":16,"column":13}},"loc":{"start":{"line":16,"column":0},"end":{"line":18,"column":1}}},"4":{"name":"(anonymous_4)","decl":{"start":{"line":23,"column":2},"end":{"line":23,"column":11}},"loc":{"start":{"line":23,"column":25},"end":{"line":27,"column":3}}}},"branchMap":{},"s":{"0":10,"1":5,"2":2,"3":1,"4":2,"5":1,"6":2,"7":1,"8":2},"f":{"0":10,"1":5,"2":1,"3":1,"4":1},"b":{}}
,"/home/jorge/Estudos/Udemy/otaviots/src/S.O.L.I.D/Jest/src/classes/Order.ts": {"path":"/home/jorge/Estudos/Udemy/otaviots/src/S.O.L.I.D/Jest/src/classes/Order.ts","statementMap":{"0":{"start":{"line":24,"column":21},"end":{"line":24,"column":47}},"1":{"start":{"line":25,"column":21},"end":{"line":25,"column":49}},"2":{"start":{"line":26,"column":21},"end":{"line":26,"column":53}},"3":{"start":{"line":27,"column":21},"end":{"line":27,"column":44}},"4":{"start":{"line":8,"column":10},"end":{"line":8,"column":45}},"5":{"start":{"line":31,"column":4},"end":{"line":31,"column":29}},"6":{"start":{"line":35,"column":4},"end":{"line":38,"column":null}},"7":{"start":{"line":36,"column":6},"end":{"line":36,"column":40}},"8":{"start":{"line":37,"column":6},"end":{"line":37,"column":13}},"9":{"start":{"line":40,"column":4},"end":{"line":40,"column":33}},"10":{"start":{"line":41,"column":4},"end":{"line":43,"column":6}},"11":{"start":{"line":44,"column":4},"end":{"line":44,"column":33}},"12":{"start":{"line":45,"column":4},"end":{"line":45,"column":22}},"13":{"start":{"line":46,"column":4},"end":{"line":48,"column":6}},"14":{"start":{"line":7,"column":0},"end":{"line":7,"column":13}}},"fnMap":{"0":{"name":"(anonymous_0)","decl":{"start":{"line":23,"column":2},"end":{"line":23,"column":null}},"loc":{"start":{"line":27,"column":44},"end":{"line":28,"column":6}}},"1":{"name":"(anonymous_1)","decl":{"start":{"line":30,"column":2},"end":{"line":30,"column":6}},"loc":{"start":{"line":30,"column":17},"end":{"line":32,"column":3}}},"2":{"name":"(anonymous_2)","decl":{"start":{"line":34,"column":2},"end":{"line":34,"column":10}},"loc":{"start":{"line":34,"column":10},"end":{"line":49,"column":3}}}},"branchMap":{"0":{"loc":{"start":{"line":35,"column":4},"end":{"line":38,"column":null}},"type":"if","locations":[{"start":{"line":35,"column":4},"end":{"line":38,"column":null}}]}},"s":{"0":5,"1":5,"2":5,"3":5,"4":5,"5":2,"6":5,"7":1,"8":1,"9":4,"10":4,"11":4,"12":4,"13":4,"14":1},"f":{"0":5,"1":2,"2":5},"b":{"0":[1]}}
,"/home/jorge/Estudos/Udemy/otaviots/src/S.O.L.I.D/Jest/src/classes/Product.ts": {"path":"/home/jorge/Estudos/Udemy/otaviots/src/S.O.L.I.D/Jest/src/classes/Product.ts","statementMap":{"0":{"start":{"line":4,"column":21},"end":{"line":4,"column":33}},"1":{"start":{"line":4,"column":42},"end":{"line":4,"column":55}},"2":{"start":{"line":3,"column":0},"end":{"line":3,"column":13}}},"fnMap":{"0":{"name":"(anonymous_0)","decl":{"start":{"line":4,"column":2},"end":{"line":4,"column":21}},"loc":{"start":{"line":4,"column":55},"end":{"line":4,"column":59}}}},"branchMap":{},"s":{"0":1,"1":1,"2":1},"f":{"0":1},"b":{}}
,"/home/jorge/Estudos/Udemy/otaviots/src/S.O.L.I.D/Jest/src/classes/ShoppingCart.ts": {"path":"/home/jorge/Estudos/Udemy/otaviots/src/S.O.L.I.D/Jest/src/classes/ShoppingCart.ts","statementMap":{"0":{"start":{"line":31,"column":31},"end":{"line":31,"column":49}},"1":{"start":{"line":29,"column":19},"end":{"line":29,"column":43}},"2":{"start":{"line":34,"column":4},"end":{"line":34,"column":27}},"3":{"start":{"line":38,"column":4},"end":{"line":38,"column":33}},"4":{"start":{"line":42,"column":4},"end":{"line":42,"column":23}},"5":{"start":{"line":46,"column":4},"end":{"line":46,"column":76}},"6":{"start":{"line":46,"column":45},"end":{"line":46,"column":60}},"7":{"start":{"line":59,"column":4},"end":{"line":59,"column":49}},"8":{"start":{"line":69,"column":4},"end":{"line":69,"column":36}},"9":{"start":{"line":73,"column":4},"end":{"line":73,"column":50}},"10":{"start":{"line":74,"column":4},"end":{"line":74,"column":27}},"11":{"start":{"line":28,"column":0},"end":{"line":28,"column":13}}},"fnMap":{"0":{"name":"(anonymous_0)","decl":{"start":{"line":31,"column":2},"end":{"line":31,"column":31}},"loc":{"start":{"line":31,"column":49},"end":{"line":31,"column":53}}},"1":{"name":"(anonymous_1)","decl":{"start":{"line":33,"column":2},"end":{"line":33,"column":9}},"loc":{"start":{"line":33,"column":24},"end":{"line":35,"column":3}}},"2":{"name":"(anonymous_2)","decl":{"start":{"line":37,"column":2},"end":{"line":37,"column":12}},"loc":{"start":{"line":37,"column":26},"end":{"line":39,"column":3}}},"3":{"name":"(anonymous_3)","decl":{"start":{"line":41,"column":2},"end":{"line":41,"column":6}},"loc":{"start":{"line":41,"column":11},"end":{"line":43,"column":3}}},"4":{"name":"(anonymous_4)","decl":{"start":{"line":45,"column":2},"end":{"line":45,"column":7}},"loc":{"start":{"line":45,"column":7},"end":{"line":47,"column":3}}},"5":{"name":"(anonymous_5)","decl":{"start":{"line":46,"column":31},"end":{"line":46,"column":32}},"loc":{"start":{"line":46,"column":45},"end":{"line":46,"column":60}}},"6":{"name":"(anonymous_6)","decl":{"start":{"line":58,"column":2},"end":{"line":58,"column":19}},"loc":{"start":{"line":58,"column":19},"end":{"line":66,"column":3}}},"7":{"name":"(anonymous_7)","decl":{"start":{"line":68,"column":2},"end":{"line":68,"column":9}},"loc":{"start":{"line":68,"column":9},"end":{"line":70,"column":3}}},"8":{"name":"(anonymous_8)","decl":{"start":{"line":72,"column":2},"end":{"line":72,"column":7}},"loc":{"start":{"line":72,"column":7},"end":{"line":75,"column":3}}}},"branchMap":{},"s":{"0":7,"1":7,"2":12,"3":2,"4":5,"5":5,"6":10,"7":3,"8":3,"9":1,"10":1,"11":1},"f":{"0":7,"1":12,"2":2,"3":5,"4":5,"5":10,"6":3,"7":3,"8":1},"b":{}}
,"/home/jorge/Estudos/Udemy/otaviots/src/S.O.L.I.D/Jest/src/services/Messaging.ts": {"path":"/home/jorge/Estudos/Udemy/otaviots/src/S.O.L.I.D/Jest/src/services/Messaging.ts","statementMap":{"0":{"start":{"line":5,"column":4},"end":{"line":5,"column":40}},"1":{"start":{"line":3,"column":0},"end":{"line":3,"column":13}}},"fnMap":{"0":{"name":"(anonymous_0)","decl":{"start":{"line":4,"column":2},"end":{"line":4,"column":13}},"loc":{"start":{"line":4,"column":25},"end":{"line":6,"column":3}}}},"branchMap":{},"s":{"0":3,"1":1},"f":{"0":3},"b":{}}
,"/home/jorge/Estudos/Udemy/otaviots/src/S.O.L.I.D/Jest/src/services/Persistency.ts": {"path":"/home/jorge/Estudos/Udemy/otaviots/src/S.O.L.I.D/Jest/src/services/Persistency.ts","statementMap":{"0":{"start":{"line":6,"column":4},"end":{"line":6,"column":56}},"1":{"start":{"line":4,"column":0},"end":{"line":4,"column":13}}},"fnMap":{"0":{"name":"(anonymous_0)","decl":{"start":{"line":5,"column":2},"end":{"line":5,"column":11}},"loc":{"start":{"line":5,"column":11},"end":{"line":7,"column":3}}}},"branchMap":{},"s":{"0":3,"1":1},"f":{"0":3},"b":{}}
}
